<?xml version="1.0" encoding="UTF-8"?>
<!-- Generated by org.testng.reporters.JUnitXMLReporter -->
<testsuite hostname="LP-729JVS1" ignored="0" name="FirefoxTest" tests="3" failures="0" timestamp="25 Dec 2019 10:25:24 GMT" time="52.236" errors="0">
  <testcase name="Flight_Login" time="8.204" classname="com.mercury.tours.CrossBrowser_Example"/>
  <testcase name="Flight_Login" time="6.878" classname="com.mercury.tours.CrossBrowser_Example"/>
  <testcase name="Flight_Login" time="6.84" classname="com.mercury.tours.CrossBrowser_Example"/>
</testsuite> <!-- FirefoxTest -->
