<?xml version="1.0" encoding="UTF-8"?>
<!-- Generated by org.testng.reporters.JUnitXMLReporter -->
<testsuite hostname="LP-729JVS1" ignored="0" name="IETest" tests="3" failures="0" timestamp="25 Dec 2019 10:35:53 GMT" time="681.938" errors="0">
  <testcase name="Flight_Login" time="139.877" classname="com.mercury.tours.CrossBrowser_Example"/>
  <testcase name="Flight_Login" time="254.325" classname="com.mercury.tours.CrossBrowser_Example"/>
  <testcase name="Flight_Login" time="268.641" classname="com.mercury.tours.CrossBrowser_Example"/>
</testsuite> <!-- IETest -->
