<?xml version="1.0" encoding="UTF-8"?>
<!-- Generated by org.testng.reporters.JUnitXMLReporter -->
<testsuite hostname="LP-729JVS1" ignored="0" name="Test1" tests="4" failures="0" timestamp="25 Dec 2019 10:54:58 GMT" time="100.503" errors="0">
  <testcase name="TestSuite" time="0.024" classname="com.mercury.tours.BatchExecution_Smoke"/>
  <testcase name="Sign_On" time="5.942" classname="com.mercury.tours.Drag_Drop_Example"/>
  <testcase name="Sign_On" time="3.749" classname="com.mercury.tours.HDFC_Netbanking"/>
  <testcase name="Alert" time="7.09" classname="com.mercury.tours.HDFC_Windowhandle_WindowAlert"/>
</testsuite> <!-- Test1 -->
